{"/Users/shadowx/fe-interview-question/handwritten-code/object/create.js": {"path":"/Users/shadowx/fe-interview-question/handwritten-code/object/create.js","all":false,"statementMap":{"0":{"start":{"line":1,"column":0},"end":{"line":1,"column":59}},"1":{"start":{"line":2,"column":0},"end":{"line":2,"column":0}},"2":{"start":{"line":3,"column":0},"end":{"line":3,"column":36}},"3":{"start":{"line":4,"column":0},"end":{"line":4,"column":53}},"4":{"start":{"line":5,"column":0},"end":{"line":5,"column":74}},"5":{"start":{"line":6,"column":0},"end":{"line":6,"column":0}},"6":{"start":{"line":7,"column":0},"end":{"line":7,"column":19}},"7":{"start":{"line":8,"column":0},"end":{"line":8,"column":0}},"8":{"start":{"line":9,"column":0},"end":{"line":9,"column":24}},"9":{"start":{"line":10,"column":0},"end":{"line":10,"column":0}},"10":{"start":{"line":11,"column":0},"end":{"line":11,"column":19}},"11":{"start":{"line":12,"column":0},"end":{"line":12,"column":1}}},"s":{"0":1,"1":1,"2":1,"3":1,"4":1,"5":1,"6":1,"7":1,"8":1,"9":1,"10":1,"11":1},"branchMap":{"0":{"type":"branch","line":3,"loc":{"start":{"line":3,"column":7},"end":{"line":12,"column":1}},"locations":[{"start":{"line":3,"column":7},"end":{"line":12,"column":1}}]},"1":{"type":"branch","line":5,"loc":{"start":{"line":5,"column":8},"end":{"line":5,"column":14}},"locations":[{"start":{"line":5,"column":8},"end":{"line":5,"column":14}}]},"2":{"type":"branch","line":7,"loc":{"start":{"line":7,"column":4},"end":{"line":7,"column":19}},"locations":[{"start":{"line":7,"column":4},"end":{"line":7,"column":19}}]}},"b":{"0":[1],"1":[0],"2":[1]},"fnMap":{"0":{"name":"createProto","decl":{"start":{"line":3,"column":7},"end":{"line":12,"column":1}},"loc":{"start":{"line":3,"column":7},"end":{"line":12,"column":1}},"line":3},"1":{"name":"F","decl":{"start":{"line":7,"column":4},"end":{"line":7,"column":19}},"loc":{"start":{"line":7,"column":4},"end":{"line":7,"column":19}},"line":7}},"f":{"0":1,"1":1}}
,"/Users/shadowx/fe-interview-question/handwritten-code/object/instanceof.js": {"path":"/Users/shadowx/fe-interview-question/handwritten-code/object/instanceof.js","all":false,"statementMap":{"0":{"start":{"line":1,"column":0},"end":{"line":1,"column":38}},"1":{"start":{"line":2,"column":0},"end":{"line":2,"column":0}},"2":{"start":{"line":3,"column":0},"end":{"line":3,"column":46}},"3":{"start":{"line":4,"column":0},"end":{"line":4,"column":19}},"4":{"start":{"line":5,"column":0},"end":{"line":5,"column":75}},"5":{"start":{"line":6,"column":0},"end":{"line":6,"column":0}},"6":{"start":{"line":7,"column":0},"end":{"line":7,"column":19}},"7":{"start":{"line":8,"column":0},"end":{"line":8,"column":76}},"8":{"start":{"line":9,"column":0},"end":{"line":9,"column":0}},"9":{"start":{"line":10,"column":0},"end":{"line":10,"column":56}},"10":{"start":{"line":11,"column":0},"end":{"line":11,"column":44}},"11":{"start":{"line":12,"column":0},"end":{"line":12,"column":25}},"12":{"start":{"line":13,"column":0},"end":{"line":13,"column":0}},"13":{"start":{"line":14,"column":0},"end":{"line":14,"column":21}},"14":{"start":{"line":15,"column":0},"end":{"line":15,"column":45}},"15":{"start":{"line":16,"column":0},"end":{"line":16,"column":0}},"16":{"start":{"line":17,"column":0},"end":{"line":17,"column":49}},"17":{"start":{"line":18,"column":0},"end":{"line":18,"column":0}},"18":{"start":{"line":19,"column":0},"end":{"line":19,"column":29}},"19":{"start":{"line":20,"column":0},"end":{"line":20,"column":5}},"20":{"start":{"line":21,"column":0},"end":{"line":21,"column":0}},"21":{"start":{"line":22,"column":0},"end":{"line":22,"column":17}},"22":{"start":{"line":23,"column":0},"end":{"line":23,"column":1}}},"s":{"0":1,"1":1,"2":1,"3":5,"4":5,"5":4,"6":5,"7":5,"8":3,"9":3,"10":3,"11":3,"12":3,"13":5,"14":6,"15":3,"16":3,"17":3,"18":3,"19":3,"20":0,"21":0,"22":0},"branchMap":{"0":{"type":"branch","line":3,"loc":{"start":{"line":3,"column":15},"end":{"line":23,"column":1}},"locations":[{"start":{"line":3,"column":15},"end":{"line":23,"column":1}}]},"1":{"type":"branch","line":5,"loc":{"start":{"line":5,"column":8},"end":{"line":5,"column":14}},"locations":[{"start":{"line":5,"column":8},"end":{"line":5,"column":14}}]},"2":{"type":"branch","line":5,"loc":{"start":{"line":5,"column":8},"end":{"line":7,"column":8}},"locations":[{"start":{"line":5,"column":8},"end":{"line":7,"column":8}}]},"3":{"type":"branch","line":8,"loc":{"start":{"line":8,"column":8},"end":{"line":8,"column":14}},"locations":[{"start":{"line":8,"column":8},"end":{"line":8,"column":14}}]},"4":{"type":"branch","line":8,"loc":{"start":{"line":8,"column":8},"end":{"line":14,"column":11}},"locations":[{"start":{"line":8,"column":8},"end":{"line":14,"column":11}}]},"5":{"type":"branch","line":14,"loc":{"start":{"line":14,"column":20},"end":{"line":20,"column":5}},"locations":[{"start":{"line":14,"column":20},"end":{"line":20,"column":5}}]},"6":{"type":"branch","line":15,"loc":{"start":{"line":15,"column":33},"end":{"line":20,"column":5}},"locations":[{"start":{"line":15,"column":33},"end":{"line":20,"column":5}}]},"7":{"type":"branch","line":21,"loc":{"start":{"line":21,"column":-1},"end":{"line":23,"column":1}},"locations":[{"start":{"line":21,"column":-1},"end":{"line":23,"column":1}}]}},"b":{"0":[5],"1":[1],"2":[4],"3":[1],"4":[3],"5":[6],"6":[3],"7":[0]},"fnMap":{"0":{"name":"instanceofOP","decl":{"start":{"line":3,"column":15},"end":{"line":23,"column":1}},"loc":{"start":{"line":3,"column":15},"end":{"line":23,"column":1}},"line":3}},"f":{"0":5}}
,"/Users/shadowx/fe-interview-question/handwritten-code/util/util.js": {"path":"/Users/shadowx/fe-interview-question/handwritten-code/util/util.js","all":false,"statementMap":{"0":{"start":{"line":1,"column":0},"end":{"line":1,"column":61}},"1":{"start":{"line":2,"column":0},"end":{"line":2,"column":0}},"2":{"start":{"line":3,"column":0},"end":{"line":3,"column":56}},"3":{"start":{"line":4,"column":0},"end":{"line":4,"column":0}},"4":{"start":{"line":5,"column":0},"end":{"line":5,"column":43}},"5":{"start":{"line":6,"column":0},"end":{"line":6,"column":0}},"6":{"start":{"line":7,"column":0},"end":{"line":7,"column":42}},"7":{"start":{"line":8,"column":0},"end":{"line":8,"column":0}},"8":{"start":{"line":9,"column":0},"end":{"line":9,"column":44}},"9":{"start":{"line":10,"column":0},"end":{"line":10,"column":0}},"10":{"start":{"line":11,"column":0},"end":{"line":11,"column":54}},"11":{"start":{"line":12,"column":0},"end":{"line":12,"column":0}},"12":{"start":{"line":13,"column":0},"end":{"line":13,"column":73}},"13":{"start":{"line":14,"column":0},"end":{"line":14,"column":0}},"14":{"start":{"line":15,"column":0},"end":{"line":15,"column":63}},"15":{"start":{"line":16,"column":0},"end":{"line":16,"column":0}},"16":{"start":{"line":17,"column":0},"end":{"line":17,"column":62}},"17":{"start":{"line":18,"column":0},"end":{"line":18,"column":0}},"18":{"start":{"line":19,"column":0},"end":{"line":19,"column":58}}},"s":{"0":1,"1":1,"2":1,"3":1,"4":1,"5":1,"6":1,"7":1,"8":1,"9":1,"10":1,"11":1,"12":1,"13":1,"14":1,"15":1,"16":1,"17":1,"18":1},"branchMap":{"0":{"type":"branch","line":1,"loc":{"start":{"line":1,"column":17},"end":{"line":1,"column":31}},"locations":[{"start":{"line":1,"column":17},"end":{"line":1,"column":31}}]},"1":{"type":"branch","line":3,"loc":{"start":{"line":3,"column":22},"end":{"line":3,"column":56}},"locations":[{"start":{"line":3,"column":22},"end":{"line":3,"column":56}}]},"2":{"type":"branch","line":9,"loc":{"start":{"line":9,"column":23},"end":{"line":9,"column":44}},"locations":[{"start":{"line":9,"column":23},"end":{"line":9,"column":44}}]},"3":{"type":"branch","line":11,"loc":{"start":{"line":11,"column":28},"end":{"line":11,"column":54}},"locations":[{"start":{"line":11,"column":28},"end":{"line":11,"column":54}}]},"4":{"type":"branch","line":13,"loc":{"start":{"line":13,"column":25},"end":{"line":13,"column":73}},"locations":[{"start":{"line":13,"column":25},"end":{"line":13,"column":73}}]},"5":{"type":"branch","line":13,"loc":{"start":{"line":13,"column":33},"end":{"line":13,"column":73}},"locations":[{"start":{"line":13,"column":33},"end":{"line":13,"column":73}}]},"6":{"type":"branch","line":15,"loc":{"start":{"line":15,"column":31},"end":{"line":15,"column":63}},"locations":[{"start":{"line":15,"column":31},"end":{"line":15,"column":63}}]},"7":{"type":"branch","line":17,"loc":{"start":{"line":17,"column":27},"end":{"line":17,"column":62}},"locations":[{"start":{"line":17,"column":27},"end":{"line":17,"column":62}}]}},"b":{"0":[1],"1":[6],"2":[13],"3":[1],"4":[2],"5":[1],"6":[1],"7":[1]},"fnMap":{"0":{"name":"getType","decl":{"start":{"line":1,"column":17},"end":{"line":1,"column":31}},"loc":{"start":{"line":1,"column":17},"end":{"line":1,"column":31}},"line":1},"1":{"name":"toObjectType","decl":{"start":{"line":3,"column":22},"end":{"line":3,"column":56}},"loc":{"start":{"line":3,"column":22},"end":{"line":3,"column":56}},"line":3},"2":{"name":"isNull","decl":{"start":{"line":9,"column":23},"end":{"line":9,"column":44}},"loc":{"start":{"line":9,"column":23},"end":{"line":9,"column":44}},"line":9},"3":{"name":"isUndefined","decl":{"start":{"line":11,"column":28},"end":{"line":11,"column":54}},"loc":{"start":{"line":11,"column":28},"end":{"line":11,"column":54}},"line":11},"4":{"name":"isObject","decl":{"start":{"line":13,"column":25},"end":{"line":13,"column":73}},"loc":{"start":{"line":13,"column":25},"end":{"line":13,"column":73}},"line":13},"5":{"name":"isObjectOrNull","decl":{"start":{"line":15,"column":31},"end":{"line":15,"column":63}},"loc":{"start":{"line":15,"column":31},"end":{"line":15,"column":63}},"line":15},"6":{"name":"isFunction","decl":{"start":{"line":17,"column":27},"end":{"line":17,"column":62}},"loc":{"start":{"line":17,"column":27},"end":{"line":17,"column":62}},"line":17},"7":{"name":"isArray","decl":{"start":{"line":19,"column":24},"end":{"line":19,"column":58}},"loc":{"start":{"line":19,"column":24},"end":{"line":19,"column":58}},"line":19}},"f":{"0":1,"1":6,"2":13,"3":1,"4":2,"5":1,"6":1,"7":0}}
}
