TN:
SF:handwritten-code/object/create.js
FN:3,createProto
FN:7,F
FNF:2
FNH:2
FNDA:1,createProto
FNDA:1,F
DA:1,1
DA:2,1
DA:3,1
DA:4,1
DA:5,1
DA:6,1
DA:7,1
DA:8,1
DA:9,1
DA:10,1
DA:11,1
DA:12,1
LF:12
LH:12
BRDA:3,0,0,1
BRDA:5,1,0,0
BRDA:7,2,0,1
BRF:3
BRH:2
end_of_record
TN:
SF:handwritten-code/object/instanceof.js
FN:3,instanceofOP
FNF:1
FNH:1
FNDA:5,instanceofOP
DA:1,1
DA:2,1
DA:3,1
DA:4,5
DA:5,5
DA:6,4
DA:7,5
DA:8,5
DA:9,3
DA:10,3
DA:11,3
DA:12,3
DA:13,3
DA:14,5
DA:15,6
DA:16,3
DA:17,3
DA:18,3
DA:19,3
DA:20,3
DA:21,0
DA:22,0
DA:23,0
LF:23
LH:20
BRDA:3,0,0,5
BRDA:5,1,0,1
BRDA:5,2,0,4
BRDA:8,3,0,1
BRDA:8,4,0,3
BRDA:14,5,0,6
BRDA:15,6,0,3
BRDA:21,7,0,0
BRF:8
BRH:7
end_of_record
TN:
SF:handwritten-code/util/util.js
FN:1,getType
FN:3,toObjectType
FN:9,isNull
FN:11,isUndefined
FN:13,isObject
FN:15,isObjectOrNull
FN:17,isFunction
FN:19,isArray
FNF:8
FNH:7
FNDA:1,getType
FNDA:6,toObjectType
FNDA:13,isNull
FNDA:1,isUndefined
FNDA:2,isObject
FNDA:1,isObjectOrNull
FNDA:1,isFunction
FNDA:0,isArray
DA:1,1
DA:2,1
DA:3,1
DA:4,1
DA:5,1
DA:6,1
DA:7,1
DA:8,1
DA:9,1
DA:10,1
DA:11,1
DA:12,1
DA:13,1
DA:14,1
DA:15,1
DA:16,1
DA:17,1
DA:18,1
DA:19,1
LF:19
LH:19
BRDA:1,0,0,1
BRDA:3,1,0,6
BRDA:9,2,0,13
BRDA:11,3,0,1
BRDA:13,4,0,2
BRDA:13,5,0,1
BRDA:15,6,0,1
BRDA:17,7,0,1
BRF:8
BRH:8
end_of_record
